2022-01-15T06:42:00+00:00 CRITICAL Uncaught Error: Call to a member function get_tax_class() on null in /home/klient.dhosting.pl/mapa2267/dev.livinger.pl/public_html/wp-content/plugins/woocommerce/includes/class-wc-cart-totals.php:225
Stack trace:
#0 /home/klient.dhosting.pl/mapa2267/dev.livinger.pl/public_html/wp-content/plugins/woocommerce/includes/class-wc-cart-totals.php(651): WC_Cart_Totals->get_items_from_cart()
#1 /home/klient.dhosting.pl/mapa2267/dev.livinger.pl/public_html/wp-content/plugins/woocommerce/includes/class-wc-cart-totals.php(143): WC_Cart_Totals->calculate_item_totals()
#2 /home/klient.dhosting.pl/mapa2267/dev.livinger.pl/public_html/wp-content/plugins/woocommerce/includes/class-wc-cart-totals.php(134): WC_Cart_Totals->calculate()
#3 /home/klient.dhosting.pl/mapa2267/dev.livinger.pl/public_html/wp-content/plugins/woocommerce/includes/class-wc-cart.php(1398): WC_Cart_Totals->__construct(Object(WC_Cart))
#4 /home/klient.dhosting.pl/mapa2267/dev.livinger.pl/public_html/wp-content/plugins/woocommerce/includes/class-wc-cart.php w /home/klient.dhosting.pl/mapa2267/dev.livinger.pl/public_html/wp-content/plugins/woocommerce/includes/class-wc-cart-totals.php w linii 225

2022-01-15T06:43:38+00:00 CRITICAL Uncaught Error: Call to a member function get_tax_class() on null in /home/klient.dhosting.pl/mapa2267/dev.livinger.pl/public_html/wp-content/plugins/woocommerce/includes/class-wc-cart-totals.php:225
Stack trace:
#0 /home/klient.dhosting.pl/mapa2267/dev.livinger.pl/public_html/wp-content/plugins/woocommerce/includes/class-wc-cart-totals.php(651): WC_Cart_Totals->get_items_from_cart()
#1 /home/klient.dhosting.pl/mapa2267/dev.livinger.pl/public_html/wp-content/plugins/woocommerce/includes/class-wc-cart-totals.php(143): WC_Cart_Totals->calculate_item_totals()
#2 /home/klient.dhosting.pl/mapa2267/dev.livinger.pl/public_html/wp-content/plugins/woocommerce/includes/class-wc-cart-totals.php(134): WC_Cart_Totals->calculate()
#3 /home/klient.dhosting.pl/mapa2267/dev.livinger.pl/public_html/wp-content/plugins/woocommerce/includes/class-wc-cart.php(1398): WC_Cart_Totals->__construct(Object(WC_Cart))
#4 /home/klient.dhosting.pl/mapa2267/dev.livinger.pl/public_html/wp-content/plugins/woocommerce/includes/class-wc-cart.php w /home/klient.dhosting.pl/mapa2267/dev.livinger.pl/public_html/wp-content/plugins/woocommerce/includes/class-wc-cart-totals.php w linii 225

2022-01-15T06:44:46+00:00 CRITICAL Uncaught Error: Call to a member function get_tax_class() on null in /home/klient.dhosting.pl/mapa2267/dev.livinger.pl/public_html/wp-content/plugins/woocommerce/includes/class-wc-cart-totals.php:225
Stack trace:
#0 /home/klient.dhosting.pl/mapa2267/dev.livinger.pl/public_html/wp-content/plugins/woocommerce/includes/class-wc-cart-totals.php(651): WC_Cart_Totals->get_items_from_cart()
#1 /home/klient.dhosting.pl/mapa2267/dev.livinger.pl/public_html/wp-content/plugins/woocommerce/includes/class-wc-cart-totals.php(143): WC_Cart_Totals->calculate_item_totals()
#2 /home/klient.dhosting.pl/mapa2267/dev.livinger.pl/public_html/wp-content/plugins/woocommerce/includes/class-wc-cart-totals.php(134): WC_Cart_Totals->calculate()
#3 /home/klient.dhosting.pl/mapa2267/dev.livinger.pl/public_html/wp-content/plugins/woocommerce/includes/class-wc-cart.php(1398): WC_Cart_Totals->__construct(Object(WC_Cart))
#4 /home/klient.dhosting.pl/mapa2267/dev.livinger.pl/public_html/wp-content/plugins/woocommerce/includes/class-wc-cart.php w /home/klient.dhosting.pl/mapa2267/dev.livinger.pl/public_html/wp-content/plugins/woocommerce/includes/class-wc-cart-totals.php w linii 225

2022-01-15T06:45:33+00:00 CRITICAL Uncaught Error: Call to a member function get_tax_class() on null in /home/klient.dhosting.pl/mapa2267/dev.livinger.pl/public_html/wp-content/plugins/woocommerce/includes/class-wc-cart-totals.php:225
Stack trace:
#0 /home/klient.dhosting.pl/mapa2267/dev.livinger.pl/public_html/wp-content/plugins/woocommerce/includes/class-wc-cart-totals.php(651): WC_Cart_Totals->get_items_from_cart()
#1 /home/klient.dhosting.pl/mapa2267/dev.livinger.pl/public_html/wp-content/plugins/woocommerce/includes/class-wc-cart-totals.php(143): WC_Cart_Totals->calculate_item_totals()
#2 /home/klient.dhosting.pl/mapa2267/dev.livinger.pl/public_html/wp-content/plugins/woocommerce/includes/class-wc-cart-totals.php(134): WC_Cart_Totals->calculate()
#3 /home/klient.dhosting.pl/mapa2267/dev.livinger.pl/public_html/wp-content/plugins/woocommerce/includes/class-wc-cart.php(1398): WC_Cart_Totals->__construct(Object(WC_Cart))
#4 /home/klient.dhosting.pl/mapa2267/dev.livinger.pl/public_html/wp-content/plugins/woocommerce/includes/class-wc-cart.php w /home/klient.dhosting.pl/mapa2267/dev.livinger.pl/public_html/wp-content/plugins/woocommerce/includes/class-wc-cart-totals.php w linii 225

2022-01-15T06:47:10+00:00 CRITICAL Uncaught Error: Call to a member function get_tax_class() on null in /home/klient.dhosting.pl/mapa2267/dev.livinger.pl/public_html/wp-content/plugins/woocommerce/includes/class-wc-cart-totals.php:225
Stack trace:
#0 /home/klient.dhosting.pl/mapa2267/dev.livinger.pl/public_html/wp-content/plugins/woocommerce/includes/class-wc-cart-totals.php(651): WC_Cart_Totals->get_items_from_cart()
#1 /home/klient.dhosting.pl/mapa2267/dev.livinger.pl/public_html/wp-content/plugins/woocommerce/includes/class-wc-cart-totals.php(143): WC_Cart_Totals->calculate_item_totals()
#2 /home/klient.dhosting.pl/mapa2267/dev.livinger.pl/public_html/wp-content/plugins/woocommerce/includes/class-wc-cart-totals.php(134): WC_Cart_Totals->calculate()
#3 /home/klient.dhosting.pl/mapa2267/dev.livinger.pl/public_html/wp-content/plugins/woocommerce/includes/class-wc-cart.php(1398): WC_Cart_Totals->__construct(Object(WC_Cart))
#4 /home/klient.dhosting.pl/mapa2267/dev.livinger.pl/public_html/wp-content/plugins/woocommerce/includes/class-wc-cart.php w /home/klient.dhosting.pl/mapa2267/dev.livinger.pl/public_html/wp-content/plugins/woocommerce/includes/class-wc-cart-totals.php w linii 225

2022-01-15T06:47:20+00:00 CRITICAL Uncaught Error: Call to a member function get_tax_class() on null in /home/klient.dhosting.pl/mapa2267/dev.livinger.pl/public_html/wp-content/plugins/woocommerce/includes/class-wc-cart-totals.php:225
Stack trace:
#0 /home/klient.dhosting.pl/mapa2267/dev.livinger.pl/public_html/wp-content/plugins/woocommerce/includes/class-wc-cart-totals.php(651): WC_Cart_Totals->get_items_from_cart()
#1 /home/klient.dhosting.pl/mapa2267/dev.livinger.pl/public_html/wp-content/plugins/woocommerce/includes/class-wc-cart-totals.php(143): WC_Cart_Totals->calculate_item_totals()
#2 /home/klient.dhosting.pl/mapa2267/dev.livinger.pl/public_html/wp-content/plugins/woocommerce/includes/class-wc-cart-totals.php(134): WC_Cart_Totals->calculate()
#3 /home/klient.dhosting.pl/mapa2267/dev.livinger.pl/public_html/wp-content/plugins/woocommerce/includes/class-wc-cart.php(1398): WC_Cart_Totals->__construct(Object(WC_Cart))
#4 /home/klient.dhosting.pl/mapa2267/dev.livinger.pl/public_html/wp-content/plugins/woocommerce/includes/class-wc-cart.php w /home/klient.dhosting.pl/mapa2267/dev.livinger.pl/public_html/wp-content/plugins/woocommerce/includes/class-wc-cart-totals.php w linii 225

2022-01-15T06:47:42+00:00 CRITICAL Uncaught Error: Call to a member function get_tax_class() on null in /home/klient.dhosting.pl/mapa2267/dev.livinger.pl/public_html/wp-content/plugins/woocommerce/includes/class-wc-cart-totals.php:225
Stack trace:
#0 /home/klient.dhosting.pl/mapa2267/dev.livinger.pl/public_html/wp-content/plugins/woocommerce/includes/class-wc-cart-totals.php(651): WC_Cart_Totals->get_items_from_cart()
#1 /home/klient.dhosting.pl/mapa2267/dev.livinger.pl/public_html/wp-content/plugins/woocommerce/includes/class-wc-cart-totals.php(143): WC_Cart_Totals->calculate_item_totals()
#2 /home/klient.dhosting.pl/mapa2267/dev.livinger.pl/public_html/wp-content/plugins/woocommerce/includes/class-wc-cart-totals.php(134): WC_Cart_Totals->calculate()
#3 /home/klient.dhosting.pl/mapa2267/dev.livinger.pl/public_html/wp-content/plugins/woocommerce/includes/class-wc-cart.php(1398): WC_Cart_Totals->__construct(Object(WC_Cart))
#4 /home/klient.dhosting.pl/mapa2267/dev.livinger.pl/public_html/wp-content/plugins/woocommerce/includes/class-wc-cart.php w /home/klient.dhosting.pl/mapa2267/dev.livinger.pl/public_html/wp-content/plugins/woocommerce/includes/class-wc-cart-totals.php w linii 225

2022-01-15T06:47:46+00:00 CRITICAL Uncaught Error: Call to a member function get_tax_class() on null in /home/klient.dhosting.pl/mapa2267/dev.livinger.pl/public_html/wp-content/plugins/woocommerce/includes/class-wc-cart-totals.php:225
Stack trace:
#0 /home/klient.dhosting.pl/mapa2267/dev.livinger.pl/public_html/wp-content/plugins/woocommerce/includes/class-wc-cart-totals.php(651): WC_Cart_Totals->get_items_from_cart()
#1 /home/klient.dhosting.pl/mapa2267/dev.livinger.pl/public_html/wp-content/plugins/woocommerce/includes/class-wc-cart-totals.php(143): WC_Cart_Totals->calculate_item_totals()
#2 /home/klient.dhosting.pl/mapa2267/dev.livinger.pl/public_html/wp-content/plugins/woocommerce/includes/class-wc-cart-totals.php(134): WC_Cart_Totals->calculate()
#3 /home/klient.dhosting.pl/mapa2267/dev.livinger.pl/public_html/wp-content/plugins/woocommerce/includes/class-wc-cart.php(1398): WC_Cart_Totals->__construct(Object(WC_Cart))
#4 /home/klient.dhosting.pl/mapa2267/dev.livinger.pl/public_html/wp-content/plugins/woocommerce/includes/class-wc-cart.php w /home/klient.dhosting.pl/mapa2267/dev.livinger.pl/public_html/wp-content/plugins/woocommerce/includes/class-wc-cart-totals.php w linii 225

2022-01-15T06:53:59+00:00 CRITICAL Uncaught Error: Call to a member function get_tax_class() on null in /home/klient.dhosting.pl/mapa2267/dev.livinger.pl/public_html/wp-content/plugins/woocommerce/includes/class-wc-cart-totals.php:225
Stack trace:
#0 /home/klient.dhosting.pl/mapa2267/dev.livinger.pl/public_html/wp-content/plugins/woocommerce/includes/class-wc-cart-totals.php(651): WC_Cart_Totals->get_items_from_cart()
#1 /home/klient.dhosting.pl/mapa2267/dev.livinger.pl/public_html/wp-content/plugins/woocommerce/includes/class-wc-cart-totals.php(143): WC_Cart_Totals->calculate_item_totals()
#2 /home/klient.dhosting.pl/mapa2267/dev.livinger.pl/public_html/wp-content/plugins/woocommerce/includes/class-wc-cart-totals.php(134): WC_Cart_Totals->calculate()
#3 /home/klient.dhosting.pl/mapa2267/dev.livinger.pl/public_html/wp-content/plugins/woocommerce/includes/class-wc-cart.php(1398): WC_Cart_Totals->__construct(Object(WC_Cart))
#4 /home/klient.dhosting.pl/mapa2267/dev.livinger.pl/public_html/wp-content/plugins/woocommerce/includes/class-wc-cart.php w /home/klient.dhosting.pl/mapa2267/dev.livinger.pl/public_html/wp-content/plugins/woocommerce/includes/class-wc-cart-totals.php w linii 225

2022-01-15T06:55:05+00:00 CRITICAL Uncaught Error: Call to a member function get_tax_class() on null in /home/klient.dhosting.pl/mapa2267/dev.livinger.pl/public_html/wp-content/plugins/woocommerce/includes/class-wc-cart-totals.php:225
Stack trace:
#0 /home/klient.dhosting.pl/mapa2267/dev.livinger.pl/public_html/wp-content/plugins/woocommerce/includes/class-wc-cart-totals.php(651): WC_Cart_Totals->get_items_from_cart()
#1 /home/klient.dhosting.pl/mapa2267/dev.livinger.pl/public_html/wp-content/plugins/woocommerce/includes/class-wc-cart-totals.php(143): WC_Cart_Totals->calculate_item_totals()
#2 /home/klient.dhosting.pl/mapa2267/dev.livinger.pl/public_html/wp-content/plugins/woocommerce/includes/class-wc-cart-totals.php(134): WC_Cart_Totals->calculate()
#3 /home/klient.dhosting.pl/mapa2267/dev.livinger.pl/public_html/wp-content/plugins/woocommerce/includes/class-wc-cart.php(1398): WC_Cart_Totals->__construct(Object(WC_Cart))
#4 /home/klient.dhosting.pl/mapa2267/dev.livinger.pl/public_html/wp-content/plugins/woocommerce/includes/class-wc-cart.php w /home/klient.dhosting.pl/mapa2267/dev.livinger.pl/public_html/wp-content/plugins/woocommerce/includes/class-wc-cart-totals.php w linii 225

2022-01-15T07:12:28+00:00 CRITICAL Uncaught Error: Call to a member function get_tax_class() on null in /home/klient.dhosting.pl/mapa2267/dev.livinger.pl/public_html/wp-content/plugins/woocommerce/includes/class-wc-cart-totals.php:225
Stack trace:
#0 /home/klient.dhosting.pl/mapa2267/dev.livinger.pl/public_html/wp-content/plugins/woocommerce/includes/class-wc-cart-totals.php(651): WC_Cart_Totals->get_items_from_cart()
#1 /home/klient.dhosting.pl/mapa2267/dev.livinger.pl/public_html/wp-content/plugins/woocommerce/includes/class-wc-cart-totals.php(143): WC_Cart_Totals->calculate_item_totals()
#2 /home/klient.dhosting.pl/mapa2267/dev.livinger.pl/public_html/wp-content/plugins/woocommerce/includes/class-wc-cart-totals.php(134): WC_Cart_Totals->calculate()
#3 /home/klient.dhosting.pl/mapa2267/dev.livinger.pl/public_html/wp-content/plugins/woocommerce/includes/class-wc-cart.php(1398): WC_Cart_Totals->__construct(Object(WC_Cart))
#4 /home/klient.dhosting.pl/mapa2267/dev.livinger.pl/public_html/wp-content/plugins/woocommerce/includes/class-wc-cart.php w /home/klient.dhosting.pl/mapa2267/dev.livinger.pl/public_html/wp-content/plugins/woocommerce/includes/class-wc-cart-totals.php w linii 225

2022-01-15T08:31:20+00:00 CRITICAL Uncaught Error: Call to a member function get_tax_class() on null in /home/klient.dhosting.pl/mapa2267/dev.livinger.pl/public_html/wp-content/plugins/woocommerce/includes/class-wc-cart-totals.php:225
Stack trace:
#0 /home/klient.dhosting.pl/mapa2267/dev.livinger.pl/public_html/wp-content/plugins/woocommerce/includes/class-wc-cart-totals.php(651): WC_Cart_Totals->get_items_from_cart()
#1 /home/klient.dhosting.pl/mapa2267/dev.livinger.pl/public_html/wp-content/plugins/woocommerce/includes/class-wc-cart-totals.php(143): WC_Cart_Totals->calculate_item_totals()
#2 /home/klient.dhosting.pl/mapa2267/dev.livinger.pl/public_html/wp-content/plugins/woocommerce/includes/class-wc-cart-totals.php(134): WC_Cart_Totals->calculate()
#3 /home/klient.dhosting.pl/mapa2267/dev.livinger.pl/public_html/wp-content/plugins/woocommerce/includes/class-wc-cart.php(1398): WC_Cart_Totals->__construct(Object(WC_Cart))
#4 /home/klient.dhosting.pl/mapa2267/dev.livinger.pl/public_html/wp-content/plugins/woocommerce/includes/class-wc-cart.php w /home/klient.dhosting.pl/mapa2267/dev.livinger.pl/public_html/wp-content/plugins/woocommerce/includes/class-wc-cart-totals.php w linii 225

2022-01-15T08:51:25+00:00 CRITICAL Uncaught Error: Call to a member function get_tax_class() on null in /home/klient.dhosting.pl/mapa2267/dev.livinger.pl/public_html/wp-content/plugins/woocommerce/includes/class-wc-cart-totals.php:225
Stack trace:
#0 /home/klient.dhosting.pl/mapa2267/dev.livinger.pl/public_html/wp-content/plugins/woocommerce/includes/class-wc-cart-totals.php(651): WC_Cart_Totals->get_items_from_cart()
#1 /home/klient.dhosting.pl/mapa2267/dev.livinger.pl/public_html/wp-content/plugins/woocommerce/includes/class-wc-cart-totals.php(143): WC_Cart_Totals->calculate_item_totals()
#2 /home/klient.dhosting.pl/mapa2267/dev.livinger.pl/public_html/wp-content/plugins/woocommerce/includes/class-wc-cart-totals.php(134): WC_Cart_Totals->calculate()
#3 /home/klient.dhosting.pl/mapa2267/dev.livinger.pl/public_html/wp-content/plugins/woocommerce/includes/class-wc-cart.php(1398): WC_Cart_Totals->__construct(Object(WC_Cart))
#4 /home/klient.dhosting.pl/mapa2267/dev.livinger.pl/public_html/wp-content/plugins/woocommerce/includes/class-wc-cart.php w /home/klient.dhosting.pl/mapa2267/dev.livinger.pl/public_html/wp-content/plugins/woocommerce/includes/class-wc-cart-totals.php w linii 225

2022-01-15T08:51:29+00:00 CRITICAL Uncaught Error: Call to a member function get_tax_class() on null in /home/klient.dhosting.pl/mapa2267/dev.livinger.pl/public_html/wp-content/plugins/woocommerce/includes/class-wc-cart-totals.php:225
Stack trace:
#0 /home/klient.dhosting.pl/mapa2267/dev.livinger.pl/public_html/wp-content/plugins/woocommerce/includes/class-wc-cart-totals.php(651): WC_Cart_Totals->get_items_from_cart()
#1 /home/klient.dhosting.pl/mapa2267/dev.livinger.pl/public_html/wp-content/plugins/woocommerce/includes/class-wc-cart-totals.php(143): WC_Cart_Totals->calculate_item_totals()
#2 /home/klient.dhosting.pl/mapa2267/dev.livinger.pl/public_html/wp-content/plugins/woocommerce/includes/class-wc-cart-totals.php(134): WC_Cart_Totals->calculate()
#3 /home/klient.dhosting.pl/mapa2267/dev.livinger.pl/public_html/wp-content/plugins/woocommerce/includes/class-wc-cart.php(1398): WC_Cart_Totals->__construct(Object(WC_Cart))
#4 /home/klient.dhosting.pl/mapa2267/dev.livinger.pl/public_html/wp-content/plugins/woocommerce/includes/class-wc-cart.php w /home/klient.dhosting.pl/mapa2267/dev.livinger.pl/public_html/wp-content/plugins/woocommerce/includes/class-wc-cart-totals.php w linii 225

2022-01-15T09:38:29+00:00 CRITICAL Uncaught Error: Call to a member function get_tax_class() on null in /home/klient.dhosting.pl/mapa2267/dev.livinger.pl/public_html/wp-content/plugins/woocommerce/includes/class-wc-cart-totals.php:225
Stack trace:
#0 /home/klient.dhosting.pl/mapa2267/dev.livinger.pl/public_html/wp-content/plugins/woocommerce/includes/class-wc-cart-totals.php(651): WC_Cart_Totals->get_items_from_cart()
#1 /home/klient.dhosting.pl/mapa2267/dev.livinger.pl/public_html/wp-content/plugins/woocommerce/includes/class-wc-cart-totals.php(143): WC_Cart_Totals->calculate_item_totals()
#2 /home/klient.dhosting.pl/mapa2267/dev.livinger.pl/public_html/wp-content/plugins/woocommerce/includes/class-wc-cart-totals.php(134): WC_Cart_Totals->calculate()
#3 /home/klient.dhosting.pl/mapa2267/dev.livinger.pl/public_html/wp-content/plugins/woocommerce/includes/class-wc-cart.php(1398): WC_Cart_Totals->__construct(Object(WC_Cart))
#4 /home/klient.dhosting.pl/mapa2267/dev.livinger.pl/public_html/wp-content/plugins/woocommerce/includes/class-wc-cart.php w /home/klient.dhosting.pl/mapa2267/dev.livinger.pl/public_html/wp-content/plugins/woocommerce/includes/class-wc-cart-totals.php w linii 225

2022-01-15T09:38:30+00:00 CRITICAL Uncaught Error: Call to a member function get_tax_class() on null in /home/klient.dhosting.pl/mapa2267/dev.livinger.pl/public_html/wp-content/plugins/woocommerce/includes/class-wc-cart-totals.php:225
Stack trace:
#0 /home/klient.dhosting.pl/mapa2267/dev.livinger.pl/public_html/wp-content/plugins/woocommerce/includes/class-wc-cart-totals.php(651): WC_Cart_Totals->get_items_from_cart()
#1 /home/klient.dhosting.pl/mapa2267/dev.livinger.pl/public_html/wp-content/plugins/woocommerce/includes/class-wc-cart-totals.php(143): WC_Cart_Totals->calculate_item_totals()
#2 /home/klient.dhosting.pl/mapa2267/dev.livinger.pl/public_html/wp-content/plugins/woocommerce/includes/class-wc-cart-totals.php(134): WC_Cart_Totals->calculate()
#3 /home/klient.dhosting.pl/mapa2267/dev.livinger.pl/public_html/wp-content/plugins/woocommerce/includes/class-wc-cart.php(1398): WC_Cart_Totals->__construct(Object(WC_Cart))
#4 /home/klient.dhosting.pl/mapa2267/dev.livinger.pl/public_html/wp-content/plugins/woocommerce/includes/class-wc-cart.php w /home/klient.dhosting.pl/mapa2267/dev.livinger.pl/public_html/wp-content/plugins/woocommerce/includes/class-wc-cart-totals.php w linii 225

2022-01-15T09:38:31+00:00 CRITICAL Uncaught Error: Call to a member function get_tax_class() on null in /home/klient.dhosting.pl/mapa2267/dev.livinger.pl/public_html/wp-content/plugins/woocommerce/includes/class-wc-cart-totals.php:225
Stack trace:
#0 /home/klient.dhosting.pl/mapa2267/dev.livinger.pl/public_html/wp-content/plugins/woocommerce/includes/class-wc-cart-totals.php(651): WC_Cart_Totals->get_items_from_cart()
#1 /home/klient.dhosting.pl/mapa2267/dev.livinger.pl/public_html/wp-content/plugins/woocommerce/includes/class-wc-cart-totals.php(143): WC_Cart_Totals->calculate_item_totals()
#2 /home/klient.dhosting.pl/mapa2267/dev.livinger.pl/public_html/wp-content/plugins/woocommerce/includes/class-wc-cart-totals.php(134): WC_Cart_Totals->calculate()
#3 /home/klient.dhosting.pl/mapa2267/dev.livinger.pl/public_html/wp-content/plugins/woocommerce/includes/class-wc-cart.php(1398): WC_Cart_Totals->__construct(Object(WC_Cart))
#4 /home/klient.dhosting.pl/mapa2267/dev.livinger.pl/public_html/wp-content/plugins/woocommerce/includes/class-wc-cart.php w /home/klient.dhosting.pl/mapa2267/dev.livinger.pl/public_html/wp-content/plugins/woocommerce/includes/class-wc-cart-totals.php w linii 225

2022-01-15T18:38:41+00:00 CRITICAL Uncaught Error: Call to a member function get_tax_class() on null in /home/klient.dhosting.pl/mapa2267/dev.livinger.pl/public_html/wp-content/plugins/woocommerce/includes/class-wc-cart-totals.php:225
Stack trace:
#0 /home/klient.dhosting.pl/mapa2267/dev.livinger.pl/public_html/wp-content/plugins/woocommerce/includes/class-wc-cart-totals.php(651): WC_Cart_Totals->get_items_from_cart()
#1 /home/klient.dhosting.pl/mapa2267/dev.livinger.pl/public_html/wp-content/plugins/woocommerce/includes/class-wc-cart-totals.php(143): WC_Cart_Totals->calculate_item_totals()
#2 /home/klient.dhosting.pl/mapa2267/dev.livinger.pl/public_html/wp-content/plugins/woocommerce/includes/class-wc-cart-totals.php(134): WC_Cart_Totals->calculate()
#3 /home/klient.dhosting.pl/mapa2267/dev.livinger.pl/public_html/wp-content/plugins/woocommerce/includes/class-wc-cart.php(1398): WC_Cart_Totals->__construct(Object(WC_Cart))
#4 /home/klient.dhosting.pl/mapa2267/dev.livinger.pl/public_html/wp-content/plugins/woocommerce/includes/class-wc-cart.php w /home/klient.dhosting.pl/mapa2267/dev.livinger.pl/public_html/wp-content/plugins/woocommerce/includes/class-wc-cart-totals.php w linii 225

2022-01-15T18:38:46+00:00 CRITICAL Uncaught Error: Call to a member function get_tax_class() on null in /home/klient.dhosting.pl/mapa2267/dev.livinger.pl/public_html/wp-content/plugins/woocommerce/includes/class-wc-cart-totals.php:225
Stack trace:
#0 /home/klient.dhosting.pl/mapa2267/dev.livinger.pl/public_html/wp-content/plugins/woocommerce/includes/class-wc-cart-totals.php(651): WC_Cart_Totals->get_items_from_cart()
#1 /home/klient.dhosting.pl/mapa2267/dev.livinger.pl/public_html/wp-content/plugins/woocommerce/includes/class-wc-cart-totals.php(143): WC_Cart_Totals->calculate_item_totals()
#2 /home/klient.dhosting.pl/mapa2267/dev.livinger.pl/public_html/wp-content/plugins/woocommerce/includes/class-wc-cart-totals.php(134): WC_Cart_Totals->calculate()
#3 /home/klient.dhosting.pl/mapa2267/dev.livinger.pl/public_html/wp-content/plugins/woocommerce/includes/class-wc-cart.php(1398): WC_Cart_Totals->__construct(Object(WC_Cart))
#4 /home/klient.dhosting.pl/mapa2267/dev.livinger.pl/public_html/wp-content/plugins/woocommerce/includes/class-wc-cart.php w /home/klient.dhosting.pl/mapa2267/dev.livinger.pl/public_html/wp-content/plugins/woocommerce/includes/class-wc-cart-totals.php w linii 225

2022-01-15T18:38:59+00:00 CRITICAL Uncaught Error: Call to a member function get_tax_class() on null in /home/klient.dhosting.pl/mapa2267/dev.livinger.pl/public_html/wp-content/plugins/woocommerce/includes/class-wc-cart-totals.php:225
Stack trace:
#0 /home/klient.dhosting.pl/mapa2267/dev.livinger.pl/public_html/wp-content/plugins/woocommerce/includes/class-wc-cart-totals.php(651): WC_Cart_Totals->get_items_from_cart()
#1 /home/klient.dhosting.pl/mapa2267/dev.livinger.pl/public_html/wp-content/plugins/woocommerce/includes/class-wc-cart-totals.php(143): WC_Cart_Totals->calculate_item_totals()
#2 /home/klient.dhosting.pl/mapa2267/dev.livinger.pl/public_html/wp-content/plugins/woocommerce/includes/class-wc-cart-totals.php(134): WC_Cart_Totals->calculate()
#3 /home/klient.dhosting.pl/mapa2267/dev.livinger.pl/public_html/wp-content/plugins/woocommerce/includes/class-wc-cart.php(1398): WC_Cart_Totals->__construct(Object(WC_Cart))
#4 /home/klient.dhosting.pl/mapa2267/dev.livinger.pl/public_html/wp-content/plugins/woocommerce/includes/class-wc-cart.php w /home/klient.dhosting.pl/mapa2267/dev.livinger.pl/public_html/wp-content/plugins/woocommerce/includes/class-wc-cart-totals.php w linii 225

2022-01-15T18:39:00+00:00 CRITICAL Uncaught Error: Call to a member function get_tax_class() on null in /home/klient.dhosting.pl/mapa2267/dev.livinger.pl/public_html/wp-content/plugins/woocommerce/includes/class-wc-cart-totals.php:225
Stack trace:
#0 /home/klient.dhosting.pl/mapa2267/dev.livinger.pl/public_html/wp-content/plugins/woocommerce/includes/class-wc-cart-totals.php(651): WC_Cart_Totals->get_items_from_cart()
#1 /home/klient.dhosting.pl/mapa2267/dev.livinger.pl/public_html/wp-content/plugins/woocommerce/includes/class-wc-cart-totals.php(143): WC_Cart_Totals->calculate_item_totals()
#2 /home/klient.dhosting.pl/mapa2267/dev.livinger.pl/public_html/wp-content/plugins/woocommerce/includes/class-wc-cart-totals.php(134): WC_Cart_Totals->calculate()
#3 /home/klient.dhosting.pl/mapa2267/dev.livinger.pl/public_html/wp-content/plugins/woocommerce/includes/class-wc-cart.php(1398): WC_Cart_Totals->__construct(Object(WC_Cart))
#4 /home/klient.dhosting.pl/mapa2267/dev.livinger.pl/public_html/wp-content/plugins/woocommerce/includes/class-wc-cart.php w /home/klient.dhosting.pl/mapa2267/dev.livinger.pl/public_html/wp-content/plugins/woocommerce/includes/class-wc-cart-totals.php w linii 225

2022-01-15T18:39:01+00:00 CRITICAL Uncaught Error: Call to a member function get_tax_class() on null in /home/klient.dhosting.pl/mapa2267/dev.livinger.pl/public_html/wp-content/plugins/woocommerce/includes/class-wc-cart-totals.php:225
Stack trace:
#0 /home/klient.dhosting.pl/mapa2267/dev.livinger.pl/public_html/wp-content/plugins/woocommerce/includes/class-wc-cart-totals.php(651): WC_Cart_Totals->get_items_from_cart()
#1 /home/klient.dhosting.pl/mapa2267/dev.livinger.pl/public_html/wp-content/plugins/woocommerce/includes/class-wc-cart-totals.php(143): WC_Cart_Totals->calculate_item_totals()
#2 /home/klient.dhosting.pl/mapa2267/dev.livinger.pl/public_html/wp-content/plugins/woocommerce/includes/class-wc-cart-totals.php(134): WC_Cart_Totals->calculate()
#3 /home/klient.dhosting.pl/mapa2267/dev.livinger.pl/public_html/wp-content/plugins/woocommerce/includes/class-wc-cart.php(1398): WC_Cart_Totals->__construct(Object(WC_Cart))
#4 /home/klient.dhosting.pl/mapa2267/dev.livinger.pl/public_html/wp-content/plugins/woocommerce/includes/class-wc-cart.php w /home/klient.dhosting.pl/mapa2267/dev.livinger.pl/public_html/wp-content/plugins/woocommerce/includes/class-wc-cart-totals.php w linii 225

2022-01-15T18:39:02+00:00 CRITICAL Uncaught Error: Call to a member function get_tax_class() on null in /home/klient.dhosting.pl/mapa2267/dev.livinger.pl/public_html/wp-content/plugins/woocommerce/includes/class-wc-cart-totals.php:225
Stack trace:
#0 /home/klient.dhosting.pl/mapa2267/dev.livinger.pl/public_html/wp-content/plugins/woocommerce/includes/class-wc-cart-totals.php(651): WC_Cart_Totals->get_items_from_cart()
#1 /home/klient.dhosting.pl/mapa2267/dev.livinger.pl/public_html/wp-content/plugins/woocommerce/includes/class-wc-cart-totals.php(143): WC_Cart_Totals->calculate_item_totals()
#2 /home/klient.dhosting.pl/mapa2267/dev.livinger.pl/public_html/wp-content/plugins/woocommerce/includes/class-wc-cart-totals.php(134): WC_Cart_Totals->calculate()
#3 /home/klient.dhosting.pl/mapa2267/dev.livinger.pl/public_html/wp-content/plugins/woocommerce/includes/class-wc-cart.php(1398): WC_Cart_Totals->__construct(Object(WC_Cart))
#4 /home/klient.dhosting.pl/mapa2267/dev.livinger.pl/public_html/wp-content/plugins/woocommerce/includes/class-wc-cart.php w /home/klient.dhosting.pl/mapa2267/dev.livinger.pl/public_html/wp-content/plugins/woocommerce/includes/class-wc-cart-totals.php w linii 225

2022-01-15T18:39:09+00:00 CRITICAL Uncaught Error: Call to a member function get_tax_class() on null in /home/klient.dhosting.pl/mapa2267/dev.livinger.pl/public_html/wp-content/plugins/woocommerce/includes/class-wc-cart-totals.php:225
Stack trace:
#0 /home/klient.dhosting.pl/mapa2267/dev.livinger.pl/public_html/wp-content/plugins/woocommerce/includes/class-wc-cart-totals.php(651): WC_Cart_Totals->get_items_from_cart()
#1 /home/klient.dhosting.pl/mapa2267/dev.livinger.pl/public_html/wp-content/plugins/woocommerce/includes/class-wc-cart-totals.php(143): WC_Cart_Totals->calculate_item_totals()
#2 /home/klient.dhosting.pl/mapa2267/dev.livinger.pl/public_html/wp-content/plugins/woocommerce/includes/class-wc-cart-totals.php(134): WC_Cart_Totals->calculate()
#3 /home/klient.dhosting.pl/mapa2267/dev.livinger.pl/public_html/wp-content/plugins/woocommerce/includes/class-wc-cart.php(1398): WC_Cart_Totals->__construct(Object(WC_Cart))
#4 /home/klient.dhosting.pl/mapa2267/dev.livinger.pl/public_html/wp-content/plugins/woocommerce/includes/class-wc-cart.php w /home/klient.dhosting.pl/mapa2267/dev.livinger.pl/public_html/wp-content/plugins/woocommerce/includes/class-wc-cart-totals.php w linii 225

2022-01-15T19:10:46+00:00 CRITICAL Uncaught Error: Call to a member function get_tax_class() on null in /home/klient.dhosting.pl/mapa2267/dev.livinger.pl/public_html/wp-content/plugins/woocommerce/includes/class-wc-cart-totals.php:225
Stack trace:
#0 /home/klient.dhosting.pl/mapa2267/dev.livinger.pl/public_html/wp-content/plugins/woocommerce/includes/class-wc-cart-totals.php(651): WC_Cart_Totals->get_items_from_cart()
#1 /home/klient.dhosting.pl/mapa2267/dev.livinger.pl/public_html/wp-content/plugins/woocommerce/includes/class-wc-cart-totals.php(143): WC_Cart_Totals->calculate_item_totals()
#2 /home/klient.dhosting.pl/mapa2267/dev.livinger.pl/public_html/wp-content/plugins/woocommerce/includes/class-wc-cart-totals.php(134): WC_Cart_Totals->calculate()
#3 /home/klient.dhosting.pl/mapa2267/dev.livinger.pl/public_html/wp-content/plugins/woocommerce/includes/class-wc-cart.php(1398): WC_Cart_Totals->__construct(Object(WC_Cart))
#4 /home/klient.dhosting.pl/mapa2267/dev.livinger.pl/public_html/wp-content/plugins/woocommerce/includes/class-wc-cart.php w /home/klient.dhosting.pl/mapa2267/dev.livinger.pl/public_html/wp-content/plugins/woocommerce/includes/class-wc-cart-totals.php w linii 225

2022-01-15T19:31:50+00:00 CRITICAL Uncaught Error: Call to a member function get_tax_class() on null in /home/klient.dhosting.pl/mapa2267/dev.livinger.pl/public_html/wp-content/plugins/woocommerce/includes/class-wc-cart-totals.php:225
Stack trace:
#0 /home/klient.dhosting.pl/mapa2267/dev.livinger.pl/public_html/wp-content/plugins/woocommerce/includes/class-wc-cart-totals.php(651): WC_Cart_Totals->get_items_from_cart()
#1 /home/klient.dhosting.pl/mapa2267/dev.livinger.pl/public_html/wp-content/plugins/woocommerce/includes/class-wc-cart-totals.php(143): WC_Cart_Totals->calculate_item_totals()
#2 /home/klient.dhosting.pl/mapa2267/dev.livinger.pl/public_html/wp-content/plugins/woocommerce/includes/class-wc-cart-totals.php(134): WC_Cart_Totals->calculate()
#3 /home/klient.dhosting.pl/mapa2267/dev.livinger.pl/public_html/wp-content/plugins/woocommerce/includes/class-wc-cart.php(1398): WC_Cart_Totals->__construct(Object(WC_Cart))
#4 /home/klient.dhosting.pl/mapa2267/dev.livinger.pl/public_html/wp-content/plugins/woocommerce/includes/class-wc-cart.php w /home/klient.dhosting.pl/mapa2267/dev.livinger.pl/public_html/wp-content/plugins/woocommerce/includes/class-wc-cart-totals.php w linii 225

2022-01-15T19:47:08+00:00 CRITICAL Uncaught Error: Call to a member function get_tax_class() on null in /home/klient.dhosting.pl/mapa2267/dev.livinger.pl/public_html/wp-content/plugins/woocommerce/includes/class-wc-cart-totals.php:225
Stack trace:
#0 /home/klient.dhosting.pl/mapa2267/dev.livinger.pl/public_html/wp-content/plugins/woocommerce/includes/class-wc-cart-totals.php(651): WC_Cart_Totals->get_items_from_cart()
#1 /home/klient.dhosting.pl/mapa2267/dev.livinger.pl/public_html/wp-content/plugins/woocommerce/includes/class-wc-cart-totals.php(143): WC_Cart_Totals->calculate_item_totals()
#2 /home/klient.dhosting.pl/mapa2267/dev.livinger.pl/public_html/wp-content/plugins/woocommerce/includes/class-wc-cart-totals.php(134): WC_Cart_Totals->calculate()
#3 /home/klient.dhosting.pl/mapa2267/dev.livinger.pl/public_html/wp-content/plugins/woocommerce/includes/class-wc-cart.php(1398): WC_Cart_Totals->__construct(Object(WC_Cart))
#4 /home/klient.dhosting.pl/mapa2267/dev.livinger.pl/public_html/wp-content/plugins/woocommerce/includes/class-wc-cart.php w /home/klient.dhosting.pl/mapa2267/dev.livinger.pl/public_html/wp-content/plugins/woocommerce/includes/class-wc-cart-totals.php w linii 225

2022-01-15T19:49:20+00:00 CRITICAL Uncaught Error: Call to a member function get_tax_class() on null in /home/klient.dhosting.pl/mapa2267/dev.livinger.pl/public_html/wp-content/plugins/woocommerce/includes/class-wc-cart-totals.php:225
Stack trace:
#0 /home/klient.dhosting.pl/mapa2267/dev.livinger.pl/public_html/wp-content/plugins/woocommerce/includes/class-wc-cart-totals.php(651): WC_Cart_Totals->get_items_from_cart()
#1 /home/klient.dhosting.pl/mapa2267/dev.livinger.pl/public_html/wp-content/plugins/woocommerce/includes/class-wc-cart-totals.php(143): WC_Cart_Totals->calculate_item_totals()
#2 /home/klient.dhosting.pl/mapa2267/dev.livinger.pl/public_html/wp-content/plugins/woocommerce/includes/class-wc-cart-totals.php(134): WC_Cart_Totals->calculate()
#3 /home/klient.dhosting.pl/mapa2267/dev.livinger.pl/public_html/wp-content/plugins/woocommerce/includes/class-wc-cart.php(1398): WC_Cart_Totals->__construct(Object(WC_Cart))
#4 /home/klient.dhosting.pl/mapa2267/dev.livinger.pl/public_html/wp-content/plugins/woocommerce/includes/class-wc-cart.php w /home/klient.dhosting.pl/mapa2267/dev.livinger.pl/public_html/wp-content/plugins/woocommerce/includes/class-wc-cart-totals.php w linii 225

2022-01-15T19:49:28+00:00 CRITICAL Uncaught Error: Call to a member function get_tax_class() on null in /home/klient.dhosting.pl/mapa2267/dev.livinger.pl/public_html/wp-content/plugins/woocommerce/includes/class-wc-cart-totals.php:225
Stack trace:
#0 /home/klient.dhosting.pl/mapa2267/dev.livinger.pl/public_html/wp-content/plugins/woocommerce/includes/class-wc-cart-totals.php(651): WC_Cart_Totals->get_items_from_cart()
#1 /home/klient.dhosting.pl/mapa2267/dev.livinger.pl/public_html/wp-content/plugins/woocommerce/includes/class-wc-cart-totals.php(143): WC_Cart_Totals->calculate_item_totals()
#2 /home/klient.dhosting.pl/mapa2267/dev.livinger.pl/public_html/wp-content/plugins/woocommerce/includes/class-wc-cart-totals.php(134): WC_Cart_Totals->calculate()
#3 /home/klient.dhosting.pl/mapa2267/dev.livinger.pl/public_html/wp-content/plugins/woocommerce/includes/class-wc-cart.php(1398): WC_Cart_Totals->__construct(Object(WC_Cart))
#4 /home/klient.dhosting.pl/mapa2267/dev.livinger.pl/public_html/wp-content/plugins/woocommerce/includes/class-wc-cart.php w /home/klient.dhosting.pl/mapa2267/dev.livinger.pl/public_html/wp-content/plugins/woocommerce/includes/class-wc-cart-totals.php w linii 225

2022-01-15T19:51:02+00:00 CRITICAL Uncaught Error: Call to a member function get_tax_class() on null in /home/klient.dhosting.pl/mapa2267/dev.livinger.pl/public_html/wp-content/plugins/woocommerce/includes/class-wc-cart-totals.php:225
Stack trace:
#0 /home/klient.dhosting.pl/mapa2267/dev.livinger.pl/public_html/wp-content/plugins/woocommerce/includes/class-wc-cart-totals.php(651): WC_Cart_Totals->get_items_from_cart()
#1 /home/klient.dhosting.pl/mapa2267/dev.livinger.pl/public_html/wp-content/plugins/woocommerce/includes/class-wc-cart-totals.php(143): WC_Cart_Totals->calculate_item_totals()
#2 /home/klient.dhosting.pl/mapa2267/dev.livinger.pl/public_html/wp-content/plugins/woocommerce/includes/class-wc-cart-totals.php(134): WC_Cart_Totals->calculate()
#3 /home/klient.dhosting.pl/mapa2267/dev.livinger.pl/public_html/wp-content/plugins/woocommerce/includes/class-wc-cart.php(1398): WC_Cart_Totals->__construct(Object(WC_Cart))
#4 /home/klient.dhosting.pl/mapa2267/dev.livinger.pl/public_html/wp-content/plugins/woocommerce/includes/class-wc-cart.php w /home/klient.dhosting.pl/mapa2267/dev.livinger.pl/public_html/wp-content/plugins/woocommerce/includes/class-wc-cart-totals.php w linii 225

2022-01-15T19:51:10+00:00 CRITICAL Uncaught Error: Call to a member function get_tax_class() on null in /home/klient.dhosting.pl/mapa2267/dev.livinger.pl/public_html/wp-content/plugins/woocommerce/includes/class-wc-cart-totals.php:225
Stack trace:
#0 /home/klient.dhosting.pl/mapa2267/dev.livinger.pl/public_html/wp-content/plugins/woocommerce/includes/class-wc-cart-totals.php(651): WC_Cart_Totals->get_items_from_cart()
#1 /home/klient.dhosting.pl/mapa2267/dev.livinger.pl/public_html/wp-content/plugins/woocommerce/includes/class-wc-cart-totals.php(143): WC_Cart_Totals->calculate_item_totals()
#2 /home/klient.dhosting.pl/mapa2267/dev.livinger.pl/public_html/wp-content/plugins/woocommerce/includes/class-wc-cart-totals.php(134): WC_Cart_Totals->calculate()
#3 /home/klient.dhosting.pl/mapa2267/dev.livinger.pl/public_html/wp-content/plugins/woocommerce/includes/class-wc-cart.php(1398): WC_Cart_Totals->__construct(Object(WC_Cart))
#4 /home/klient.dhosting.pl/mapa2267/dev.livinger.pl/public_html/wp-content/plugins/woocommerce/includes/class-wc-cart.php w /home/klient.dhosting.pl/mapa2267/dev.livinger.pl/public_html/wp-content/plugins/woocommerce/includes/class-wc-cart-totals.php w linii 225

2022-01-15T19:51:11+00:00 CRITICAL Uncaught Error: Call to a member function get_tax_class() on null in /home/klient.dhosting.pl/mapa2267/dev.livinger.pl/public_html/wp-content/plugins/woocommerce/includes/class-wc-cart-totals.php:225
Stack trace:
#0 /home/klient.dhosting.pl/mapa2267/dev.livinger.pl/public_html/wp-content/plugins/woocommerce/includes/class-wc-cart-totals.php(651): WC_Cart_Totals->get_items_from_cart()
#1 /home/klient.dhosting.pl/mapa2267/dev.livinger.pl/public_html/wp-content/plugins/woocommerce/includes/class-wc-cart-totals.php(143): WC_Cart_Totals->calculate_item_totals()
#2 /home/klient.dhosting.pl/mapa2267/dev.livinger.pl/public_html/wp-content/plugins/woocommerce/includes/class-wc-cart-totals.php(134): WC_Cart_Totals->calculate()
#3 /home/klient.dhosting.pl/mapa2267/dev.livinger.pl/public_html/wp-content/plugins/woocommerce/includes/class-wc-cart.php(1398): WC_Cart_Totals->__construct(Object(WC_Cart))
#4 /home/klient.dhosting.pl/mapa2267/dev.livinger.pl/public_html/wp-content/plugins/woocommerce/includes/class-wc-cart.php w /home/klient.dhosting.pl/mapa2267/dev.livinger.pl/public_html/wp-content/plugins/woocommerce/includes/class-wc-cart-totals.php w linii 225

2022-01-15T23:14:15+00:00 CRITICAL Uncaught Error: Call to a member function get_tax_class() on null in /home/klient.dhosting.pl/mapa2267/dev.livinger.pl/public_html/wp-content/plugins/woocommerce/includes/class-wc-cart-totals.php:225
Stack trace:
#0 /home/klient.dhosting.pl/mapa2267/dev.livinger.pl/public_html/wp-content/plugins/woocommerce/includes/class-wc-cart-totals.php(651): WC_Cart_Totals->get_items_from_cart()
#1 /home/klient.dhosting.pl/mapa2267/dev.livinger.pl/public_html/wp-content/plugins/woocommerce/includes/class-wc-cart-totals.php(143): WC_Cart_Totals->calculate_item_totals()
#2 /home/klient.dhosting.pl/mapa2267/dev.livinger.pl/public_html/wp-content/plugins/woocommerce/includes/class-wc-cart-totals.php(134): WC_Cart_Totals->calculate()
#3 /home/klient.dhosting.pl/mapa2267/dev.livinger.pl/public_html/wp-content/plugins/woocommerce/includes/class-wc-cart.php(1398): WC_Cart_Totals->__construct(Object(WC_Cart))
#4 /home/klient.dhosting.pl/mapa2267/dev.livinger.pl/public_html/wp-content/plugins/woocommerce/includes/class-wc-cart.php w /home/klient.dhosting.pl/mapa2267/dev.livinger.pl/public_html/wp-content/plugins/woocommerce/includes/class-wc-cart-totals.php w linii 225

2022-01-15T23:14:19+00:00 CRITICAL Uncaught Error: Call to a member function get_tax_class() on null in /home/klient.dhosting.pl/mapa2267/dev.livinger.pl/public_html/wp-content/plugins/woocommerce/includes/class-wc-cart-totals.php:225
Stack trace:
#0 /home/klient.dhosting.pl/mapa2267/dev.livinger.pl/public_html/wp-content/plugins/woocommerce/includes/class-wc-cart-totals.php(651): WC_Cart_Totals->get_items_from_cart()
#1 /home/klient.dhosting.pl/mapa2267/dev.livinger.pl/public_html/wp-content/plugins/woocommerce/includes/class-wc-cart-totals.php(143): WC_Cart_Totals->calculate_item_totals()
#2 /home/klient.dhosting.pl/mapa2267/dev.livinger.pl/public_html/wp-content/plugins/woocommerce/includes/class-wc-cart-totals.php(134): WC_Cart_Totals->calculate()
#3 /home/klient.dhosting.pl/mapa2267/dev.livinger.pl/public_html/wp-content/plugins/woocommerce/includes/class-wc-cart.php(1398): WC_Cart_Totals->__construct(Object(WC_Cart))
#4 /home/klient.dhosting.pl/mapa2267/dev.livinger.pl/public_html/wp-content/plugins/woocommerce/includes/class-wc-cart.php w /home/klient.dhosting.pl/mapa2267/dev.livinger.pl/public_html/wp-content/plugins/woocommerce/includes/class-wc-cart-totals.php w linii 225

2022-01-15T23:14:44+00:00 CRITICAL Uncaught Error: Call to a member function get_tax_class() on null in /home/klient.dhosting.pl/mapa2267/dev.livinger.pl/public_html/wp-content/plugins/woocommerce/includes/class-wc-cart-totals.php:225
Stack trace:
#0 /home/klient.dhosting.pl/mapa2267/dev.livinger.pl/public_html/wp-content/plugins/woocommerce/includes/class-wc-cart-totals.php(651): WC_Cart_Totals->get_items_from_cart()
#1 /home/klient.dhosting.pl/mapa2267/dev.livinger.pl/public_html/wp-content/plugins/woocommerce/includes/class-wc-cart-totals.php(143): WC_Cart_Totals->calculate_item_totals()
#2 /home/klient.dhosting.pl/mapa2267/dev.livinger.pl/public_html/wp-content/plugins/woocommerce/includes/class-wc-cart-totals.php(134): WC_Cart_Totals->calculate()
#3 /home/klient.dhosting.pl/mapa2267/dev.livinger.pl/public_html/wp-content/plugins/woocommerce/includes/class-wc-cart.php(1398): WC_Cart_Totals->__construct(Object(WC_Cart))
#4 /home/klient.dhosting.pl/mapa2267/dev.livinger.pl/public_html/wp-content/plugins/woocommerce/includes/class-wc-cart.php w /home/klient.dhosting.pl/mapa2267/dev.livinger.pl/public_html/wp-content/plugins/woocommerce/includes/class-wc-cart-totals.php w linii 225

2022-01-15T23:14:44+00:00 CRITICAL Uncaught Error: Call to a member function get_tax_class() on null in /home/klient.dhosting.pl/mapa2267/dev.livinger.pl/public_html/wp-content/plugins/woocommerce/includes/class-wc-cart-totals.php:225
Stack trace:
#0 /home/klient.dhosting.pl/mapa2267/dev.livinger.pl/public_html/wp-content/plugins/woocommerce/includes/class-wc-cart-totals.php(651): WC_Cart_Totals->get_items_from_cart()
#1 /home/klient.dhosting.pl/mapa2267/dev.livinger.pl/public_html/wp-content/plugins/woocommerce/includes/class-wc-cart-totals.php(143): WC_Cart_Totals->calculate_item_totals()
#2 /home/klient.dhosting.pl/mapa2267/dev.livinger.pl/public_html/wp-content/plugins/woocommerce/includes/class-wc-cart-totals.php(134): WC_Cart_Totals->calculate()
#3 /home/klient.dhosting.pl/mapa2267/dev.livinger.pl/public_html/wp-content/plugins/woocommerce/includes/class-wc-cart.php(1398): WC_Cart_Totals->__construct(Object(WC_Cart))
#4 /home/klient.dhosting.pl/mapa2267/dev.livinger.pl/public_html/wp-content/plugins/woocommerce/includes/class-wc-cart.php w /home/klient.dhosting.pl/mapa2267/dev.livinger.pl/public_html/wp-content/plugins/woocommerce/includes/class-wc-cart-totals.php w linii 225

2022-01-15T23:15:01+00:00 CRITICAL Uncaught Error: Call to a member function get_tax_class() on null in /home/klient.dhosting.pl/mapa2267/dev.livinger.pl/public_html/wp-content/plugins/woocommerce/includes/class-wc-cart-totals.php:225
Stack trace:
#0 /home/klient.dhosting.pl/mapa2267/dev.livinger.pl/public_html/wp-content/plugins/woocommerce/includes/class-wc-cart-totals.php(651): WC_Cart_Totals->get_items_from_cart()
#1 /home/klient.dhosting.pl/mapa2267/dev.livinger.pl/public_html/wp-content/plugins/woocommerce/includes/class-wc-cart-totals.php(143): WC_Cart_Totals->calculate_item_totals()
#2 /home/klient.dhosting.pl/mapa2267/dev.livinger.pl/public_html/wp-content/plugins/woocommerce/includes/class-wc-cart-totals.php(134): WC_Cart_Totals->calculate()
#3 /home/klient.dhosting.pl/mapa2267/dev.livinger.pl/public_html/wp-content/plugins/woocommerce/includes/class-wc-cart.php(1398): WC_Cart_Totals->__construct(Object(WC_Cart))
#4 /home/klient.dhosting.pl/mapa2267/dev.livinger.pl/public_html/wp-content/plugins/woocommerce/includes/class-wc-cart.php w /home/klient.dhosting.pl/mapa2267/dev.livinger.pl/public_html/wp-content/plugins/woocommerce/includes/class-wc-cart-totals.php w linii 225

2022-01-15T23:15:10+00:00 CRITICAL Uncaught Error: Call to a member function get_tax_class() on null in /home/klient.dhosting.pl/mapa2267/dev.livinger.pl/public_html/wp-content/plugins/woocommerce/includes/class-wc-cart-totals.php:225
Stack trace:
#0 /home/klient.dhosting.pl/mapa2267/dev.livinger.pl/public_html/wp-content/plugins/woocommerce/includes/class-wc-cart-totals.php(651): WC_Cart_Totals->get_items_from_cart()
#1 /home/klient.dhosting.pl/mapa2267/dev.livinger.pl/public_html/wp-content/plugins/woocommerce/includes/class-wc-cart-totals.php(143): WC_Cart_Totals->calculate_item_totals()
#2 /home/klient.dhosting.pl/mapa2267/dev.livinger.pl/public_html/wp-content/plugins/woocommerce/includes/class-wc-cart-totals.php(134): WC_Cart_Totals->calculate()
#3 /home/klient.dhosting.pl/mapa2267/dev.livinger.pl/public_html/wp-content/plugins/woocommerce/includes/class-wc-cart.php(1398): WC_Cart_Totals->__construct(Object(WC_Cart))
#4 /home/klient.dhosting.pl/mapa2267/dev.livinger.pl/public_html/wp-content/plugins/woocommerce/includes/class-wc-cart.php w /home/klient.dhosting.pl/mapa2267/dev.livinger.pl/public_html/wp-content/plugins/woocommerce/includes/class-wc-cart-totals.php w linii 225

2022-01-15T23:15:11+00:00 CRITICAL Uncaught Error: Call to a member function get_tax_class() on null in /home/klient.dhosting.pl/mapa2267/dev.livinger.pl/public_html/wp-content/plugins/woocommerce/includes/class-wc-cart-totals.php:225
Stack trace:
#0 /home/klient.dhosting.pl/mapa2267/dev.livinger.pl/public_html/wp-content/plugins/woocommerce/includes/class-wc-cart-totals.php(651): WC_Cart_Totals->get_items_from_cart()
#1 /home/klient.dhosting.pl/mapa2267/dev.livinger.pl/public_html/wp-content/plugins/woocommerce/includes/class-wc-cart-totals.php(143): WC_Cart_Totals->calculate_item_totals()
#2 /home/klient.dhosting.pl/mapa2267/dev.livinger.pl/public_html/wp-content/plugins/woocommerce/includes/class-wc-cart-totals.php(134): WC_Cart_Totals->calculate()
#3 /home/klient.dhosting.pl/mapa2267/dev.livinger.pl/public_html/wp-content/plugins/woocommerce/includes/class-wc-cart.php(1398): WC_Cart_Totals->__construct(Object(WC_Cart))
#4 /home/klient.dhosting.pl/mapa2267/dev.livinger.pl/public_html/wp-content/plugins/woocommerce/includes/class-wc-cart.php w /home/klient.dhosting.pl/mapa2267/dev.livinger.pl/public_html/wp-content/plugins/woocommerce/includes/class-wc-cart-totals.php w linii 225

2022-01-15T23:51:11+00:00 CRITICAL Uncaught Error: Call to a member function get_tax_class() on null in /home/klient.dhosting.pl/mapa2267/dev.livinger.pl/public_html/wp-content/plugins/woocommerce/includes/class-wc-cart-totals.php:225
Stack trace:
#0 /home/klient.dhosting.pl/mapa2267/dev.livinger.pl/public_html/wp-content/plugins/woocommerce/includes/class-wc-cart-totals.php(651): WC_Cart_Totals->get_items_from_cart()
#1 /home/klient.dhosting.pl/mapa2267/dev.livinger.pl/public_html/wp-content/plugins/woocommerce/includes/class-wc-cart-totals.php(143): WC_Cart_Totals->calculate_item_totals()
#2 /home/klient.dhosting.pl/mapa2267/dev.livinger.pl/public_html/wp-content/plugins/woocommerce/includes/class-wc-cart-totals.php(134): WC_Cart_Totals->calculate()
#3 /home/klient.dhosting.pl/mapa2267/dev.livinger.pl/public_html/wp-content/plugins/woocommerce/includes/class-wc-cart.php(1398): WC_Cart_Totals->__construct(Object(WC_Cart))
#4 /home/klient.dhosting.pl/mapa2267/dev.livinger.pl/public_html/wp-content/plugins/woocommerce/includes/class-wc-cart.php w /home/klient.dhosting.pl/mapa2267/dev.livinger.pl/public_html/wp-content/plugins/woocommerce/includes/class-wc-cart-totals.php w linii 225

2022-01-15T23:51:13+00:00 CRITICAL Uncaught Error: Call to a member function get_tax_class() on null in /home/klient.dhosting.pl/mapa2267/dev.livinger.pl/public_html/wp-content/plugins/woocommerce/includes/class-wc-cart-totals.php:225
Stack trace:
#0 /home/klient.dhosting.pl/mapa2267/dev.livinger.pl/public_html/wp-content/plugins/woocommerce/includes/class-wc-cart-totals.php(651): WC_Cart_Totals->get_items_from_cart()
#1 /home/klient.dhosting.pl/mapa2267/dev.livinger.pl/public_html/wp-content/plugins/woocommerce/includes/class-wc-cart-totals.php(143): WC_Cart_Totals->calculate_item_totals()
#2 /home/klient.dhosting.pl/mapa2267/dev.livinger.pl/public_html/wp-content/plugins/woocommerce/includes/class-wc-cart-totals.php(134): WC_Cart_Totals->calculate()
#3 /home/klient.dhosting.pl/mapa2267/dev.livinger.pl/public_html/wp-content/plugins/woocommerce/includes/class-wc-cart.php(1398): WC_Cart_Totals->__construct(Object(WC_Cart))
#4 /home/klient.dhosting.pl/mapa2267/dev.livinger.pl/public_html/wp-content/plugins/woocommerce/includes/class-wc-cart.php w /home/klient.dhosting.pl/mapa2267/dev.livinger.pl/public_html/wp-content/plugins/woocommerce/includes/class-wc-cart-totals.php w linii 225

2022-01-15T23:51:31+00:00 CRITICAL Uncaught Error: Call to a member function get_tax_class() on null in /home/klient.dhosting.pl/mapa2267/dev.livinger.pl/public_html/wp-content/plugins/woocommerce/includes/class-wc-cart-totals.php:225
Stack trace:
#0 /home/klient.dhosting.pl/mapa2267/dev.livinger.pl/public_html/wp-content/plugins/woocommerce/includes/class-wc-cart-totals.php(651): WC_Cart_Totals->get_items_from_cart()
#1 /home/klient.dhosting.pl/mapa2267/dev.livinger.pl/public_html/wp-content/plugins/woocommerce/includes/class-wc-cart-totals.php(143): WC_Cart_Totals->calculate_item_totals()
#2 /home/klient.dhosting.pl/mapa2267/dev.livinger.pl/public_html/wp-content/plugins/woocommerce/includes/class-wc-cart-totals.php(134): WC_Cart_Totals->calculate()
#3 /home/klient.dhosting.pl/mapa2267/dev.livinger.pl/public_html/wp-content/plugins/woocommerce/includes/class-wc-cart.php(1398): WC_Cart_Totals->__construct(Object(WC_Cart))
#4 /home/klient.dhosting.pl/mapa2267/dev.livinger.pl/public_html/wp-content/plugins/woocommerce/includes/class-wc-cart.php w /home/klient.dhosting.pl/mapa2267/dev.livinger.pl/public_html/wp-content/plugins/woocommerce/includes/class-wc-cart-totals.php w linii 225

2022-01-15T23:51:41+00:00 CRITICAL Uncaught Error: Call to a member function get_tax_class() on null in /home/klient.dhosting.pl/mapa2267/dev.livinger.pl/public_html/wp-content/plugins/woocommerce/includes/class-wc-cart-totals.php:225
Stack trace:
#0 /home/klient.dhosting.pl/mapa2267/dev.livinger.pl/public_html/wp-content/plugins/woocommerce/includes/class-wc-cart-totals.php(651): WC_Cart_Totals->get_items_from_cart()
#1 /home/klient.dhosting.pl/mapa2267/dev.livinger.pl/public_html/wp-content/plugins/woocommerce/includes/class-wc-cart-totals.php(143): WC_Cart_Totals->calculate_item_totals()
#2 /home/klient.dhosting.pl/mapa2267/dev.livinger.pl/public_html/wp-content/plugins/woocommerce/includes/class-wc-cart-totals.php(134): WC_Cart_Totals->calculate()
#3 /home/klient.dhosting.pl/mapa2267/dev.livinger.pl/public_html/wp-content/plugins/woocommerce/includes/class-wc-cart.php(1398): WC_Cart_Totals->__construct(Object(WC_Cart))
#4 /home/klient.dhosting.pl/mapa2267/dev.livinger.pl/public_html/wp-content/plugins/woocommerce/includes/class-wc-cart.php w /home/klient.dhosting.pl/mapa2267/dev.livinger.pl/public_html/wp-content/plugins/woocommerce/includes/class-wc-cart-totals.php w linii 225

