2022-01-10T04:27:53+00:00 CRITICAL Uncaught Error: Call to a member function get_tax_class() on null in /home/klient.dhosting.pl/mapa2267/dev.livinger.pl/public_html/wp-content/plugins/woocommerce/includes/class-wc-cart-totals.php:225
Stack trace:
#0 /home/klient.dhosting.pl/mapa2267/dev.livinger.pl/public_html/wp-content/plugins/woocommerce/includes/class-wc-cart-totals.php(651): WC_Cart_Totals->get_items_from_cart()
#1 /home/klient.dhosting.pl/mapa2267/dev.livinger.pl/public_html/wp-content/plugins/woocommerce/includes/class-wc-cart-totals.php(143): WC_Cart_Totals->calculate_item_totals()
#2 /home/klient.dhosting.pl/mapa2267/dev.livinger.pl/public_html/wp-content/plugins/woocommerce/includes/class-wc-cart-totals.php(134): WC_Cart_Totals->calculate()
#3 /home/klient.dhosting.pl/mapa2267/dev.livinger.pl/public_html/wp-content/plugins/woocommerce/includes/class-wc-cart.php(1398): WC_Cart_Totals->__construct(Object(WC_Cart))
#4 /home/klient.dhosting.pl/mapa2267/dev.livinger.pl/public_html/wp-content/plugins/woocommerce/includes/class-wc-cart.php w /home/klient.dhosting.pl/mapa2267/dev.livinger.pl/public_html/wp-content/plugins/woocommerce/includes/class-wc-cart-totals.php w linii 225

2022-01-10T04:29:01+00:00 CRITICAL Uncaught Error: Call to a member function get_tax_class() on null in /home/klient.dhosting.pl/mapa2267/dev.livinger.pl/public_html/wp-content/plugins/woocommerce/includes/class-wc-cart-totals.php:225
Stack trace:
#0 /home/klient.dhosting.pl/mapa2267/dev.livinger.pl/public_html/wp-content/plugins/woocommerce/includes/class-wc-cart-totals.php(651): WC_Cart_Totals->get_items_from_cart()
#1 /home/klient.dhosting.pl/mapa2267/dev.livinger.pl/public_html/wp-content/plugins/woocommerce/includes/class-wc-cart-totals.php(143): WC_Cart_Totals->calculate_item_totals()
#2 /home/klient.dhosting.pl/mapa2267/dev.livinger.pl/public_html/wp-content/plugins/woocommerce/includes/class-wc-cart-totals.php(134): WC_Cart_Totals->calculate()
#3 /home/klient.dhosting.pl/mapa2267/dev.livinger.pl/public_html/wp-content/plugins/woocommerce/includes/class-wc-cart.php(1398): WC_Cart_Totals->__construct(Object(WC_Cart))
#4 /home/klient.dhosting.pl/mapa2267/dev.livinger.pl/public_html/wp-content/plugins/woocommerce/includes/class-wc-cart.php w /home/klient.dhosting.pl/mapa2267/dev.livinger.pl/public_html/wp-content/plugins/woocommerce/includes/class-wc-cart-totals.php w linii 225

2022-01-10T04:29:02+00:00 CRITICAL Uncaught Error: Call to a member function get_tax_class() on null in /home/klient.dhosting.pl/mapa2267/dev.livinger.pl/public_html/wp-content/plugins/woocommerce/includes/class-wc-cart-totals.php:225
Stack trace:
#0 /home/klient.dhosting.pl/mapa2267/dev.livinger.pl/public_html/wp-content/plugins/woocommerce/includes/class-wc-cart-totals.php(651): WC_Cart_Totals->get_items_from_cart()
#1 /home/klient.dhosting.pl/mapa2267/dev.livinger.pl/public_html/wp-content/plugins/woocommerce/includes/class-wc-cart-totals.php(143): WC_Cart_Totals->calculate_item_totals()
#2 /home/klient.dhosting.pl/mapa2267/dev.livinger.pl/public_html/wp-content/plugins/woocommerce/includes/class-wc-cart-totals.php(134): WC_Cart_Totals->calculate()
#3 /home/klient.dhosting.pl/mapa2267/dev.livinger.pl/public_html/wp-content/plugins/woocommerce/includes/class-wc-cart.php(1398): WC_Cart_Totals->__construct(Object(WC_Cart))
#4 /home/klient.dhosting.pl/mapa2267/dev.livinger.pl/public_html/wp-content/plugins/woocommerce/includes/class-wc-cart.php w /home/klient.dhosting.pl/mapa2267/dev.livinger.pl/public_html/wp-content/plugins/woocommerce/includes/class-wc-cart-totals.php w linii 225

2022-01-10T04:31:07+00:00 CRITICAL Uncaught Error: Call to a member function get_tax_class() on null in /home/klient.dhosting.pl/mapa2267/dev.livinger.pl/public_html/wp-content/plugins/woocommerce/includes/class-wc-cart-totals.php:225
Stack trace:
#0 /home/klient.dhosting.pl/mapa2267/dev.livinger.pl/public_html/wp-content/plugins/woocommerce/includes/class-wc-cart-totals.php(651): WC_Cart_Totals->get_items_from_cart()
#1 /home/klient.dhosting.pl/mapa2267/dev.livinger.pl/public_html/wp-content/plugins/woocommerce/includes/class-wc-cart-totals.php(143): WC_Cart_Totals->calculate_item_totals()
#2 /home/klient.dhosting.pl/mapa2267/dev.livinger.pl/public_html/wp-content/plugins/woocommerce/includes/class-wc-cart-totals.php(134): WC_Cart_Totals->calculate()
#3 /home/klient.dhosting.pl/mapa2267/dev.livinger.pl/public_html/wp-content/plugins/woocommerce/includes/class-wc-cart.php(1398): WC_Cart_Totals->__construct(Object(WC_Cart))
#4 /home/klient.dhosting.pl/mapa2267/dev.livinger.pl/public_html/wp-content/plugins/woocommerce/includes/class-wc-cart.php w /home/klient.dhosting.pl/mapa2267/dev.livinger.pl/public_html/wp-content/plugins/woocommerce/includes/class-wc-cart-totals.php w linii 225

2022-01-10T04:43:31+00:00 CRITICAL Uncaught Error: Call to a member function get_tax_class() on null in /home/klient.dhosting.pl/mapa2267/dev.livinger.pl/public_html/wp-content/plugins/woocommerce/includes/class-wc-cart-totals.php:225
Stack trace:
#0 /home/klient.dhosting.pl/mapa2267/dev.livinger.pl/public_html/wp-content/plugins/woocommerce/includes/class-wc-cart-totals.php(651): WC_Cart_Totals->get_items_from_cart()
#1 /home/klient.dhosting.pl/mapa2267/dev.livinger.pl/public_html/wp-content/plugins/woocommerce/includes/class-wc-cart-totals.php(143): WC_Cart_Totals->calculate_item_totals()
#2 /home/klient.dhosting.pl/mapa2267/dev.livinger.pl/public_html/wp-content/plugins/woocommerce/includes/class-wc-cart-totals.php(134): WC_Cart_Totals->calculate()
#3 /home/klient.dhosting.pl/mapa2267/dev.livinger.pl/public_html/wp-content/plugins/woocommerce/includes/class-wc-cart.php(1398): WC_Cart_Totals->__construct(Object(WC_Cart))
#4 /home/klient.dhosting.pl/mapa2267/dev.livinger.pl/public_html/wp-content/plugins/woocommerce/includes/class-wc-cart.php w /home/klient.dhosting.pl/mapa2267/dev.livinger.pl/public_html/wp-content/plugins/woocommerce/includes/class-wc-cart-totals.php w linii 225

2022-01-10T04:43:55+00:00 CRITICAL Uncaught Error: Call to a member function get_tax_class() on null in /home/klient.dhosting.pl/mapa2267/dev.livinger.pl/public_html/wp-content/plugins/woocommerce/includes/class-wc-cart-totals.php:225
Stack trace:
#0 /home/klient.dhosting.pl/mapa2267/dev.livinger.pl/public_html/wp-content/plugins/woocommerce/includes/class-wc-cart-totals.php(651): WC_Cart_Totals->get_items_from_cart()
#1 /home/klient.dhosting.pl/mapa2267/dev.livinger.pl/public_html/wp-content/plugins/woocommerce/includes/class-wc-cart-totals.php(143): WC_Cart_Totals->calculate_item_totals()
#2 /home/klient.dhosting.pl/mapa2267/dev.livinger.pl/public_html/wp-content/plugins/woocommerce/includes/class-wc-cart-totals.php(134): WC_Cart_Totals->calculate()
#3 /home/klient.dhosting.pl/mapa2267/dev.livinger.pl/public_html/wp-content/plugins/woocommerce/includes/class-wc-cart.php(1398): WC_Cart_Totals->__construct(Object(WC_Cart))
#4 /home/klient.dhosting.pl/mapa2267/dev.livinger.pl/public_html/wp-content/plugins/woocommerce/includes/class-wc-cart.php w /home/klient.dhosting.pl/mapa2267/dev.livinger.pl/public_html/wp-content/plugins/woocommerce/includes/class-wc-cart-totals.php w linii 225

2022-01-10T05:00:40+00:00 CRITICAL Uncaught Error: Call to a member function get_tax_class() on null in /home/klient.dhosting.pl/mapa2267/dev.livinger.pl/public_html/wp-content/plugins/woocommerce/includes/class-wc-cart-totals.php:225
Stack trace:
#0 /home/klient.dhosting.pl/mapa2267/dev.livinger.pl/public_html/wp-content/plugins/woocommerce/includes/class-wc-cart-totals.php(651): WC_Cart_Totals->get_items_from_cart()
#1 /home/klient.dhosting.pl/mapa2267/dev.livinger.pl/public_html/wp-content/plugins/woocommerce/includes/class-wc-cart-totals.php(143): WC_Cart_Totals->calculate_item_totals()
#2 /home/klient.dhosting.pl/mapa2267/dev.livinger.pl/public_html/wp-content/plugins/woocommerce/includes/class-wc-cart-totals.php(134): WC_Cart_Totals->calculate()
#3 /home/klient.dhosting.pl/mapa2267/dev.livinger.pl/public_html/wp-content/plugins/woocommerce/includes/class-wc-cart.php(1398): WC_Cart_Totals->__construct(Object(WC_Cart))
#4 /home/klient.dhosting.pl/mapa2267/dev.livinger.pl/public_html/wp-content/plugins/woocommerce/includes/class-wc-cart.php w /home/klient.dhosting.pl/mapa2267/dev.livinger.pl/public_html/wp-content/plugins/woocommerce/includes/class-wc-cart-totals.php w linii 225

2022-01-10T05:02:03+00:00 CRITICAL Uncaught Error: Call to a member function get_tax_class() on null in /home/klient.dhosting.pl/mapa2267/dev.livinger.pl/public_html/wp-content/plugins/woocommerce/includes/class-wc-cart-totals.php:225
Stack trace:
#0 /home/klient.dhosting.pl/mapa2267/dev.livinger.pl/public_html/wp-content/plugins/woocommerce/includes/class-wc-cart-totals.php(651): WC_Cart_Totals->get_items_from_cart()
#1 /home/klient.dhosting.pl/mapa2267/dev.livinger.pl/public_html/wp-content/plugins/woocommerce/includes/class-wc-cart-totals.php(143): WC_Cart_Totals->calculate_item_totals()
#2 /home/klient.dhosting.pl/mapa2267/dev.livinger.pl/public_html/wp-content/plugins/woocommerce/includes/class-wc-cart-totals.php(134): WC_Cart_Totals->calculate()
#3 /home/klient.dhosting.pl/mapa2267/dev.livinger.pl/public_html/wp-content/plugins/woocommerce/includes/class-wc-cart.php(1398): WC_Cart_Totals->__construct(Object(WC_Cart))
#4 /home/klient.dhosting.pl/mapa2267/dev.livinger.pl/public_html/wp-content/plugins/woocommerce/includes/class-wc-cart.php w /home/klient.dhosting.pl/mapa2267/dev.livinger.pl/public_html/wp-content/plugins/woocommerce/includes/class-wc-cart-totals.php w linii 225

2022-01-10T05:03:03+00:00 CRITICAL Uncaught Error: Call to a member function get_tax_class() on null in /home/klient.dhosting.pl/mapa2267/dev.livinger.pl/public_html/wp-content/plugins/woocommerce/includes/class-wc-cart-totals.php:225
Stack trace:
#0 /home/klient.dhosting.pl/mapa2267/dev.livinger.pl/public_html/wp-content/plugins/woocommerce/includes/class-wc-cart-totals.php(651): WC_Cart_Totals->get_items_from_cart()
#1 /home/klient.dhosting.pl/mapa2267/dev.livinger.pl/public_html/wp-content/plugins/woocommerce/includes/class-wc-cart-totals.php(143): WC_Cart_Totals->calculate_item_totals()
#2 /home/klient.dhosting.pl/mapa2267/dev.livinger.pl/public_html/wp-content/plugins/woocommerce/includes/class-wc-cart-totals.php(134): WC_Cart_Totals->calculate()
#3 /home/klient.dhosting.pl/mapa2267/dev.livinger.pl/public_html/wp-content/plugins/woocommerce/includes/class-wc-cart.php(1398): WC_Cart_Totals->__construct(Object(WC_Cart))
#4 /home/klient.dhosting.pl/mapa2267/dev.livinger.pl/public_html/wp-content/plugins/woocommerce/includes/class-wc-cart.php w /home/klient.dhosting.pl/mapa2267/dev.livinger.pl/public_html/wp-content/plugins/woocommerce/includes/class-wc-cart-totals.php w linii 225

2022-01-10T10:54:11+00:00 CRITICAL Uncaught Error: Call to a member function get_tax_class() on null in /home/klient.dhosting.pl/mapa2267/dev.livinger.pl/public_html/wp-content/plugins/woocommerce/includes/class-wc-cart-totals.php:225
Stack trace:
#0 /home/klient.dhosting.pl/mapa2267/dev.livinger.pl/public_html/wp-content/plugins/woocommerce/includes/class-wc-cart-totals.php(651): WC_Cart_Totals->get_items_from_cart()
#1 /home/klient.dhosting.pl/mapa2267/dev.livinger.pl/public_html/wp-content/plugins/woocommerce/includes/class-wc-cart-totals.php(143): WC_Cart_Totals->calculate_item_totals()
#2 /home/klient.dhosting.pl/mapa2267/dev.livinger.pl/public_html/wp-content/plugins/woocommerce/includes/class-wc-cart-totals.php(134): WC_Cart_Totals->calculate()
#3 /home/klient.dhosting.pl/mapa2267/dev.livinger.pl/public_html/wp-content/plugins/woocommerce/includes/class-wc-cart.php(1398): WC_Cart_Totals->__construct(Object(WC_Cart))
#4 /home/klient.dhosting.pl/mapa2267/dev.livinger.pl/public_html/wp-content/plugins/woocommerce/includes/class-wc-cart.php w /home/klient.dhosting.pl/mapa2267/dev.livinger.pl/public_html/wp-content/plugins/woocommerce/includes/class-wc-cart-totals.php w linii 225

2022-01-10T10:54:42+00:00 CRITICAL Uncaught Error: Call to a member function get_tax_class() on null in /home/klient.dhosting.pl/mapa2267/dev.livinger.pl/public_html/wp-content/plugins/woocommerce/includes/class-wc-cart-totals.php:225
Stack trace:
#0 /home/klient.dhosting.pl/mapa2267/dev.livinger.pl/public_html/wp-content/plugins/woocommerce/includes/class-wc-cart-totals.php(651): WC_Cart_Totals->get_items_from_cart()
#1 /home/klient.dhosting.pl/mapa2267/dev.livinger.pl/public_html/wp-content/plugins/woocommerce/includes/class-wc-cart-totals.php(143): WC_Cart_Totals->calculate_item_totals()
#2 /home/klient.dhosting.pl/mapa2267/dev.livinger.pl/public_html/wp-content/plugins/woocommerce/includes/class-wc-cart-totals.php(134): WC_Cart_Totals->calculate()
#3 /home/klient.dhosting.pl/mapa2267/dev.livinger.pl/public_html/wp-content/plugins/woocommerce/includes/class-wc-cart.php(1398): WC_Cart_Totals->__construct(Object(WC_Cart))
#4 /home/klient.dhosting.pl/mapa2267/dev.livinger.pl/public_html/wp-content/plugins/woocommerce/includes/class-wc-cart.php w /home/klient.dhosting.pl/mapa2267/dev.livinger.pl/public_html/wp-content/plugins/woocommerce/includes/class-wc-cart-totals.php w linii 225

2022-01-10T10:54:57+00:00 CRITICAL Uncaught Error: Call to a member function get_tax_class() on null in /home/klient.dhosting.pl/mapa2267/dev.livinger.pl/public_html/wp-content/plugins/woocommerce/includes/class-wc-cart-totals.php:225
Stack trace:
#0 /home/klient.dhosting.pl/mapa2267/dev.livinger.pl/public_html/wp-content/plugins/woocommerce/includes/class-wc-cart-totals.php(651): WC_Cart_Totals->get_items_from_cart()
#1 /home/klient.dhosting.pl/mapa2267/dev.livinger.pl/public_html/wp-content/plugins/woocommerce/includes/class-wc-cart-totals.php(143): WC_Cart_Totals->calculate_item_totals()
#2 /home/klient.dhosting.pl/mapa2267/dev.livinger.pl/public_html/wp-content/plugins/woocommerce/includes/class-wc-cart-totals.php(134): WC_Cart_Totals->calculate()
#3 /home/klient.dhosting.pl/mapa2267/dev.livinger.pl/public_html/wp-content/plugins/woocommerce/includes/class-wc-cart.php(1398): WC_Cart_Totals->__construct(Object(WC_Cart))
#4 /home/klient.dhosting.pl/mapa2267/dev.livinger.pl/public_html/wp-content/plugins/woocommerce/includes/class-wc-cart.php w /home/klient.dhosting.pl/mapa2267/dev.livinger.pl/public_html/wp-content/plugins/woocommerce/includes/class-wc-cart-totals.php w linii 225

2022-01-10T10:54:58+00:00 CRITICAL Uncaught Error: Call to a member function get_tax_class() on null in /home/klient.dhosting.pl/mapa2267/dev.livinger.pl/public_html/wp-content/plugins/woocommerce/includes/class-wc-cart-totals.php:225
Stack trace:
#0 /home/klient.dhosting.pl/mapa2267/dev.livinger.pl/public_html/wp-content/plugins/woocommerce/includes/class-wc-cart-totals.php(651): WC_Cart_Totals->get_items_from_cart()
#1 /home/klient.dhosting.pl/mapa2267/dev.livinger.pl/public_html/wp-content/plugins/woocommerce/includes/class-wc-cart-totals.php(143): WC_Cart_Totals->calculate_item_totals()
#2 /home/klient.dhosting.pl/mapa2267/dev.livinger.pl/public_html/wp-content/plugins/woocommerce/includes/class-wc-cart-totals.php(134): WC_Cart_Totals->calculate()
#3 /home/klient.dhosting.pl/mapa2267/dev.livinger.pl/public_html/wp-content/plugins/woocommerce/includes/class-wc-cart.php(1398): WC_Cart_Totals->__construct(Object(WC_Cart))
#4 /home/klient.dhosting.pl/mapa2267/dev.livinger.pl/public_html/wp-content/plugins/woocommerce/includes/class-wc-cart.php w /home/klient.dhosting.pl/mapa2267/dev.livinger.pl/public_html/wp-content/plugins/woocommerce/includes/class-wc-cart-totals.php w linii 225

2022-01-10T10:55:07+00:00 CRITICAL Uncaught Error: Call to a member function get_tax_class() on null in /home/klient.dhosting.pl/mapa2267/dev.livinger.pl/public_html/wp-content/plugins/woocommerce/includes/class-wc-cart-totals.php:225
Stack trace:
#0 /home/klient.dhosting.pl/mapa2267/dev.livinger.pl/public_html/wp-content/plugins/woocommerce/includes/class-wc-cart-totals.php(651): WC_Cart_Totals->get_items_from_cart()
#1 /home/klient.dhosting.pl/mapa2267/dev.livinger.pl/public_html/wp-content/plugins/woocommerce/includes/class-wc-cart-totals.php(143): WC_Cart_Totals->calculate_item_totals()
#2 /home/klient.dhosting.pl/mapa2267/dev.livinger.pl/public_html/wp-content/plugins/woocommerce/includes/class-wc-cart-totals.php(134): WC_Cart_Totals->calculate()
#3 /home/klient.dhosting.pl/mapa2267/dev.livinger.pl/public_html/wp-content/plugins/woocommerce/includes/class-wc-cart.php(1398): WC_Cart_Totals->__construct(Object(WC_Cart))
#4 /home/klient.dhosting.pl/mapa2267/dev.livinger.pl/public_html/wp-content/plugins/woocommerce/includes/class-wc-cart.php w /home/klient.dhosting.pl/mapa2267/dev.livinger.pl/public_html/wp-content/plugins/woocommerce/includes/class-wc-cart-totals.php w linii 225

2022-01-10T10:55:10+00:00 CRITICAL Uncaught Error: Call to a member function get_tax_class() on null in /home/klient.dhosting.pl/mapa2267/dev.livinger.pl/public_html/wp-content/plugins/woocommerce/includes/class-wc-cart-totals.php:225
Stack trace:
#0 /home/klient.dhosting.pl/mapa2267/dev.livinger.pl/public_html/wp-content/plugins/woocommerce/includes/class-wc-cart-totals.php(651): WC_Cart_Totals->get_items_from_cart()
#1 /home/klient.dhosting.pl/mapa2267/dev.livinger.pl/public_html/wp-content/plugins/woocommerce/includes/class-wc-cart-totals.php(143): WC_Cart_Totals->calculate_item_totals()
#2 /home/klient.dhosting.pl/mapa2267/dev.livinger.pl/public_html/wp-content/plugins/woocommerce/includes/class-wc-cart-totals.php(134): WC_Cart_Totals->calculate()
#3 /home/klient.dhosting.pl/mapa2267/dev.livinger.pl/public_html/wp-content/plugins/woocommerce/includes/class-wc-cart.php(1398): WC_Cart_Totals->__construct(Object(WC_Cart))
#4 /home/klient.dhosting.pl/mapa2267/dev.livinger.pl/public_html/wp-content/plugins/woocommerce/includes/class-wc-cart.php w /home/klient.dhosting.pl/mapa2267/dev.livinger.pl/public_html/wp-content/plugins/woocommerce/includes/class-wc-cart-totals.php w linii 225

2022-01-10T12:32:15+00:00 CRITICAL Uncaught Error: Call to a member function get_tax_class() on null in /home/klient.dhosting.pl/mapa2267/dev.livinger.pl/public_html/wp-content/plugins/woocommerce/includes/class-wc-cart-totals.php:225
Stack trace:
#0 /home/klient.dhosting.pl/mapa2267/dev.livinger.pl/public_html/wp-content/plugins/woocommerce/includes/class-wc-cart-totals.php(651): WC_Cart_Totals->get_items_from_cart()
#1 /home/klient.dhosting.pl/mapa2267/dev.livinger.pl/public_html/wp-content/plugins/woocommerce/includes/class-wc-cart-totals.php(143): WC_Cart_Totals->calculate_item_totals()
#2 /home/klient.dhosting.pl/mapa2267/dev.livinger.pl/public_html/wp-content/plugins/woocommerce/includes/class-wc-cart-totals.php(134): WC_Cart_Totals->calculate()
#3 /home/klient.dhosting.pl/mapa2267/dev.livinger.pl/public_html/wp-content/plugins/woocommerce/includes/class-wc-cart.php(1398): WC_Cart_Totals->__construct(Object(WC_Cart))
#4 /home/klient.dhosting.pl/mapa2267/dev.livinger.pl/public_html/wp-content/plugins/woocommerce/includes/class-wc-cart.php w /home/klient.dhosting.pl/mapa2267/dev.livinger.pl/public_html/wp-content/plugins/woocommerce/includes/class-wc-cart-totals.php w linii 225

2022-01-10T12:32:17+00:00 CRITICAL Uncaught Error: Call to a member function get_tax_class() on null in /home/klient.dhosting.pl/mapa2267/dev.livinger.pl/public_html/wp-content/plugins/woocommerce/includes/class-wc-cart-totals.php:225
Stack trace:
#0 /home/klient.dhosting.pl/mapa2267/dev.livinger.pl/public_html/wp-content/plugins/woocommerce/includes/class-wc-cart-totals.php(651): WC_Cart_Totals->get_items_from_cart()
#1 /home/klient.dhosting.pl/mapa2267/dev.livinger.pl/public_html/wp-content/plugins/woocommerce/includes/class-wc-cart-totals.php(143): WC_Cart_Totals->calculate_item_totals()
#2 /home/klient.dhosting.pl/mapa2267/dev.livinger.pl/public_html/wp-content/plugins/woocommerce/includes/class-wc-cart-totals.php(134): WC_Cart_Totals->calculate()
#3 /home/klient.dhosting.pl/mapa2267/dev.livinger.pl/public_html/wp-content/plugins/woocommerce/includes/class-wc-cart.php(1398): WC_Cart_Totals->__construct(Object(WC_Cart))
#4 /home/klient.dhosting.pl/mapa2267/dev.livinger.pl/public_html/wp-content/plugins/woocommerce/includes/class-wc-cart.php w /home/klient.dhosting.pl/mapa2267/dev.livinger.pl/public_html/wp-content/plugins/woocommerce/includes/class-wc-cart-totals.php w linii 225

2022-01-10T12:33:52+00:00 CRITICAL Uncaught Error: Call to a member function get_tax_class() on null in /home/klient.dhosting.pl/mapa2267/dev.livinger.pl/public_html/wp-content/plugins/woocommerce/includes/class-wc-cart-totals.php:225
Stack trace:
#0 /home/klient.dhosting.pl/mapa2267/dev.livinger.pl/public_html/wp-content/plugins/woocommerce/includes/class-wc-cart-totals.php(651): WC_Cart_Totals->get_items_from_cart()
#1 /home/klient.dhosting.pl/mapa2267/dev.livinger.pl/public_html/wp-content/plugins/woocommerce/includes/class-wc-cart-totals.php(143): WC_Cart_Totals->calculate_item_totals()
#2 /home/klient.dhosting.pl/mapa2267/dev.livinger.pl/public_html/wp-content/plugins/woocommerce/includes/class-wc-cart-totals.php(134): WC_Cart_Totals->calculate()
#3 /home/klient.dhosting.pl/mapa2267/dev.livinger.pl/public_html/wp-content/plugins/woocommerce/includes/class-wc-cart.php(1398): WC_Cart_Totals->__construct(Object(WC_Cart))
#4 /home/klient.dhosting.pl/mapa2267/dev.livinger.pl/public_html/wp-content/plugins/woocommerce/includes/class-wc-cart.php w /home/klient.dhosting.pl/mapa2267/dev.livinger.pl/public_html/wp-content/plugins/woocommerce/includes/class-wc-cart-totals.php w linii 225

2022-01-10T12:35:11+00:00 CRITICAL Uncaught Error: Call to a member function get_tax_class() on null in /home/klient.dhosting.pl/mapa2267/dev.livinger.pl/public_html/wp-content/plugins/woocommerce/includes/class-wc-cart-totals.php:225
Stack trace:
#0 /home/klient.dhosting.pl/mapa2267/dev.livinger.pl/public_html/wp-content/plugins/woocommerce/includes/class-wc-cart-totals.php(651): WC_Cart_Totals->get_items_from_cart()
#1 /home/klient.dhosting.pl/mapa2267/dev.livinger.pl/public_html/wp-content/plugins/woocommerce/includes/class-wc-cart-totals.php(143): WC_Cart_Totals->calculate_item_totals()
#2 /home/klient.dhosting.pl/mapa2267/dev.livinger.pl/public_html/wp-content/plugins/woocommerce/includes/class-wc-cart-totals.php(134): WC_Cart_Totals->calculate()
#3 /home/klient.dhosting.pl/mapa2267/dev.livinger.pl/public_html/wp-content/plugins/woocommerce/includes/class-wc-cart.php(1398): WC_Cart_Totals->__construct(Object(WC_Cart))
#4 /home/klient.dhosting.pl/mapa2267/dev.livinger.pl/public_html/wp-content/plugins/woocommerce/includes/class-wc-cart.php w /home/klient.dhosting.pl/mapa2267/dev.livinger.pl/public_html/wp-content/plugins/woocommerce/includes/class-wc-cart-totals.php w linii 225

2022-01-10T12:44:33+00:00 CRITICAL Uncaught Error: Call to a member function get_tax_class() on null in /home/klient.dhosting.pl/mapa2267/dev.livinger.pl/public_html/wp-content/plugins/woocommerce/includes/class-wc-cart-totals.php:225
Stack trace:
#0 /home/klient.dhosting.pl/mapa2267/dev.livinger.pl/public_html/wp-content/plugins/woocommerce/includes/class-wc-cart-totals.php(651): WC_Cart_Totals->get_items_from_cart()
#1 /home/klient.dhosting.pl/mapa2267/dev.livinger.pl/public_html/wp-content/plugins/woocommerce/includes/class-wc-cart-totals.php(143): WC_Cart_Totals->calculate_item_totals()
#2 /home/klient.dhosting.pl/mapa2267/dev.livinger.pl/public_html/wp-content/plugins/woocommerce/includes/class-wc-cart-totals.php(134): WC_Cart_Totals->calculate()
#3 /home/klient.dhosting.pl/mapa2267/dev.livinger.pl/public_html/wp-content/plugins/woocommerce/includes/class-wc-cart.php(1398): WC_Cart_Totals->__construct(Object(WC_Cart))
#4 /home/klient.dhosting.pl/mapa2267/dev.livinger.pl/public_html/wp-content/plugins/woocommerce/includes/class-wc-cart.php w /home/klient.dhosting.pl/mapa2267/dev.livinger.pl/public_html/wp-content/plugins/woocommerce/includes/class-wc-cart-totals.php w linii 225

